{
  "stats": {
    "suites": 1,
    "tests": 6,
    "passes": 6,
    "pending": 0,
    "failures": 0,
    "start": "2025-11-10T22:35:12.349Z",
    "end": "2025-11-10T22:35:26.090Z",
    "duration": 13741,
    "testsRegistered": 6,
    "passPercent": 100,
    "pendingPercent": 0,
    "other": 0,
    "hasOther": false,
    "skipped": 0,
    "hasSkipped": false
  },
  "results": [
    {
      "uuid": "b81cde28-dea0-40fa-8579-8e06b8d44aa2",
      "title": "",
      "fullFile": "cypress\\e2e\\Lista1.cy.js",
      "file": "cypress\\e2e\\Lista1.cy.js",
      "beforeHooks": [],
      "afterHooks": [],
      "tests": [],
      "suites": [
        {
          "uuid": "a20dcb7d-766f-4ae1-8e4a-ff4c6cf779e1",
          "title": "Testes de Login e Compra - SauceDemo",
          "fullFile": "",
          "file": "",
          "beforeHooks": [],
          "afterHooks": [],
          "tests": [
            {
              "title": "1 - Login com sucesso",
              "fullTitle": "Testes de Login e Compra - SauceDemo 1 - Login com sucesso",
              "timedOut": null,
              "duration": 3765,
              "state": "passed",
              "speed": "fast",
              "pass": true,
              "fail": false,
              "pending": false,
              "context": null,
              "code": "cy.get('#user-name').type('standard_user');\ncy.get('#password').type('secret_sauce');\ncy.get('#login-button').click();\ncy.url().should('include', '/inventory.html');\ncy.get('.title').should('contain.text', 'Products');",
              "err": {},
              "uuid": "500635f2-a73d-4ebf-b771-b5cbd1fca7b0",
              "parentUUID": "a20dcb7d-766f-4ae1-8e4a-ff4c6cf779e1",
              "isHook": false,
              "skipped": false
            },
            {
              "title": "2 - Login com falha (senha incorreta)",
              "fullTitle": "Testes de Login e Compra - SauceDemo 2 - Login com falha (senha incorreta)",
              "timedOut": null,
              "duration": 1252,
              "state": "passed",
              "speed": "fast",
              "pass": true,
              "fail": false,
              "pending": false,
              "context": null,
              "code": "cy.get('#user-name').type('standard_user');\ncy.get('#password').type('senha_errada');\ncy.get('#login-button').click();\ncy.get('[data-test=\"error\"]').should('contain.text', 'Username and password do not match');",
              "err": {},
              "uuid": "f82e201c-55c7-4d36-aa3d-b508dfa664dd",
              "parentUUID": "a20dcb7d-766f-4ae1-8e4a-ff4c6cf779e1",
              "isHook": false,
              "skipped": false
            },
            {
              "title": "3 - Adicionar produto ao carrinho",
              "fullTitle": "Testes de Login e Compra - SauceDemo 3 - Adicionar produto ao carrinho",
              "timedOut": null,
              "duration": 1571,
              "state": "passed",
              "speed": "fast",
              "pass": true,
              "fail": false,
              "pending": false,
              "context": null,
              "code": "cy.loginSauceDemo();\ncy.get('#add-to-cart-sauce-labs-backpack').click();\ncy.get('.shopping_cart_badge').should('contain.text', '1');",
              "err": {},
              "uuid": "437b7ba1-c509-48fc-af5d-1ab88d15b307",
              "parentUUID": "a20dcb7d-766f-4ae1-8e4a-ff4c6cf779e1",
              "isHook": false,
              "skipped": false
            },
            {
              "title": "4 - Remover produto do carrinho",
              "fullTitle": "Testes de Login e Compra - SauceDemo 4 - Remover produto do carrinho",
              "timedOut": null,
              "duration": 1632,
              "state": "passed",
              "speed": "fast",
              "pass": true,
              "fail": false,
              "pending": false,
              "context": null,
              "code": "cy.loginSauceDemo();\ncy.get('#add-to-cart-sauce-labs-bike-light').click();\ncy.get('.shopping_cart_badge').should('contain.text', '1');\ncy.get('#remove-sauce-labs-bike-light').click();\ncy.get('.shopping_cart_badge').should('not.exist');",
              "err": {},
              "uuid": "4386fb11-f80d-4582-a6fa-6135eaf758de",
              "parentUUID": "a20dcb7d-766f-4ae1-8e4a-ff4c6cf779e1",
              "isHook": false,
              "skipped": false
            },
            {
              "title": "5 - Finalizar compra com sucesso",
              "fullTitle": "Testes de Login e Compra - SauceDemo 5 - Finalizar compra com sucesso",
              "timedOut": null,
              "duration": 2957,
              "state": "passed",
              "speed": "fast",
              "pass": true,
              "fail": false,
              "pending": false,
              "context": null,
              "code": "cy.loginSauceDemo();\ncy.get('#add-to-cart-sauce-labs-fleece-jacket').click();\ncy.get('.shopping_cart_link').click();\ncy.get('#checkout').click();\ncy.get('#first-name').type('Cliente');\ncy.get('#last-name').type('Cliente');\ncy.get('#postal-code').type('12345-000');\ncy.get('#continue').click();\ncy.get('#finish').click();\ncy.get('.complete-header').should('contain.text', 'Thank you for your order!');",
              "err": {},
              "uuid": "b284de8f-0ac7-4df4-ba54-f58ce2480afe",
              "parentUUID": "a20dcb7d-766f-4ae1-8e4a-ff4c6cf779e1",
              "isHook": false,
              "skipped": false
            },
            {
              "title": "6 - Logout com sucesso",
              "fullTitle": "Testes de Login e Compra - SauceDemo 6 - Logout com sucesso",
              "timedOut": null,
              "duration": 1821,
              "state": "passed",
              "speed": "fast",
              "pass": true,
              "fail": false,
              "pending": false,
              "context": null,
              "code": "cy.loginSauceDemo();\ncy.get('#react-burger-menu-btn').click();\ncy.get('#logout_sidebar_link').click();\ncy.url().should('eq', 'https://www.saucedemo.com/');",
              "err": {},
              "uuid": "6a2c8d2b-c618-4d8b-bbd0-bf325d59505d",
              "parentUUID": "a20dcb7d-766f-4ae1-8e4a-ff4c6cf779e1",
              "isHook": false,
              "skipped": false
            }
          ],
          "suites": [],
          "passes": [
            "500635f2-a73d-4ebf-b771-b5cbd1fca7b0",
            "f82e201c-55c7-4d36-aa3d-b508dfa664dd",
            "437b7ba1-c509-48fc-af5d-1ab88d15b307",
            "4386fb11-f80d-4582-a6fa-6135eaf758de",
            "b284de8f-0ac7-4df4-ba54-f58ce2480afe",
            "6a2c8d2b-c618-4d8b-bbd0-bf325d59505d"
          ],
          "failures": [],
          "pending": [],
          "skipped": [],
          "duration": 12998,
          "root": false,
          "rootEmpty": false,
          "_timeout": 2000
        }
      ],
      "passes": [],
      "failures": [],
      "pending": [],
      "skipped": [],
      "duration": 0,
      "root": true,
      "rootEmpty": true,
      "_timeout": 2000
    }
  ],
  "meta": {
    "mocha": {
      "version": "7.2.0"
    },
    "mochawesome": {
      "options": {
        "quiet": false,
        "reportFilename": "mochawesome",
        "saveHtml": true,
        "saveJson": true,
        "consoleReporter": "spec",
        "useInlineDiffs": false,
        "code": true
      },
      "version": "7.1.4"
    },
    "marge": {
      "options": {
        "reportDir": "cypress/reports",
        "overwrite": false,
        "html": true,
        "json": true
      },
      "version": "6.3.2"
    }
  }
}