{
  "stats": {
    "suites": 1,
    "tests": 6,
    "passes": 6,
    "pending": 0,
    "failures": 0,
    "start": "2025-11-10T18:44:22.234Z",
    "end": "2025-11-10T18:44:34.089Z",
    "duration": 11855,
    "testsRegistered": 6,
    "passPercent": 100,
    "pendingPercent": 0,
    "other": 0,
    "hasOther": false,
    "skipped": 0,
    "hasSkipped": false
  },
  "results": [
    {
      "uuid": "0aace83a-6bc9-4727-9984-d0b913e8d079",
      "title": "",
      "fullFile": "cypress\\e2e\\Lista1.cy.js",
      "file": "cypress\\e2e\\Lista1.cy.js",
      "beforeHooks": [],
      "afterHooks": [],
      "tests": [],
      "suites": [
        {
          "uuid": "fc4c92dd-3f82-45a7-b4da-aff431b830e9",
          "title": "Testes de Login e Compra - SauceDemo",
          "fullFile": "",
          "file": "",
          "beforeHooks": [],
          "afterHooks": [],
          "tests": [
            {
              "title": "1 - Login com sucesso",
              "fullTitle": "Testes de Login e Compra - SauceDemo 1 - Login com sucesso",
              "timedOut": null,
              "duration": 2925,
              "state": "passed",
              "speed": "fast",
              "pass": true,
              "fail": false,
              "pending": false,
              "context": null,
              "code": "cy.get('#user-name').type('standard_user');\ncy.get('#password').type('secret_sauce');\ncy.get('#login-button').click();\ncy.url().should('include', '/inventory.html');\ncy.get('.title').should('contain.text', 'Products');",
              "err": {},
              "uuid": "a53aab9f-e125-4d63-858a-373f734179a6",
              "parentUUID": "fc4c92dd-3f82-45a7-b4da-aff431b830e9",
              "isHook": false,
              "skipped": false
            },
            {
              "title": "2 - Login com falha (senha incorreta)",
              "fullTitle": "Testes de Login e Compra - SauceDemo 2 - Login com falha (senha incorreta)",
              "timedOut": null,
              "duration": 1300,
              "state": "passed",
              "speed": "fast",
              "pass": true,
              "fail": false,
              "pending": false,
              "context": null,
              "code": "cy.get('#user-name').type('standard_user');\ncy.get('#password').type('senha_errada');\ncy.get('#login-button').click();\ncy.get('[data-test=\"error\"]').should('contain.text', 'Username and password do not match');",
              "err": {},
              "uuid": "d31e97c6-50cb-4aeb-a957-2a756530c8b0",
              "parentUUID": "fc4c92dd-3f82-45a7-b4da-aff431b830e9",
              "isHook": false,
              "skipped": false
            },
            {
              "title": "3 - Adicionar produto ao carrinho",
              "fullTitle": "Testes de Login e Compra - SauceDemo 3 - Adicionar produto ao carrinho",
              "timedOut": null,
              "duration": 1330,
              "state": "passed",
              "speed": "fast",
              "pass": true,
              "fail": false,
              "pending": false,
              "context": null,
              "code": "cy.loginSauceDemo();\ncy.get('#add-to-cart-sauce-labs-backpack').click();\ncy.get('.shopping_cart_badge').should('contain.text', '1');",
              "err": {},
              "uuid": "45cbf39a-8a1f-4403-afb4-c1adbf597c27",
              "parentUUID": "fc4c92dd-3f82-45a7-b4da-aff431b830e9",
              "isHook": false,
              "skipped": false
            },
            {
              "title": "4 - Remover produto do carrinho",
              "fullTitle": "Testes de Login e Compra - SauceDemo 4 - Remover produto do carrinho",
              "timedOut": null,
              "duration": 1298,
              "state": "passed",
              "speed": "fast",
              "pass": true,
              "fail": false,
              "pending": false,
              "context": null,
              "code": "cy.loginSauceDemo();\ncy.get('#add-to-cart-sauce-labs-bike-light').click();\ncy.get('.shopping_cart_badge').should('contain.text', '1');\ncy.get('#remove-sauce-labs-bike-light').click();\ncy.get('.shopping_cart_badge').should('not.exist');",
              "err": {},
              "uuid": "d4f74e83-0b3b-4fe4-8d0a-01a71c1baaa7",
              "parentUUID": "fc4c92dd-3f82-45a7-b4da-aff431b830e9",
              "isHook": false,
              "skipped": false
            },
            {
              "title": "5 - Finalizar compra com sucesso",
              "fullTitle": "Testes de Login e Compra - SauceDemo 5 - Finalizar compra com sucesso",
              "timedOut": null,
              "duration": 2667,
              "state": "passed",
              "speed": "fast",
              "pass": true,
              "fail": false,
              "pending": false,
              "context": null,
              "code": "cy.loginSauceDemo();\ncy.get('#add-to-cart-sauce-labs-fleece-jacket').click();\ncy.get('.shopping_cart_link').click();\ncy.get('#checkout').click();\ncy.get('#first-name').type('Cliente');\ncy.get('#last-name').type('Cliente');\ncy.get('#postal-code').type('12345-000');\ncy.get('#continue').click();\ncy.get('#finish').click();\ncy.get('.complete-header').should('contain.text', 'Thank you for your order!');",
              "err": {},
              "uuid": "48157fa3-6b3e-40ff-b74a-555fb7d32d2d",
              "parentUUID": "fc4c92dd-3f82-45a7-b4da-aff431b830e9",
              "isHook": false,
              "skipped": false
            },
            {
              "title": "6 - Logout com sucesso",
              "fullTitle": "Testes de Login e Compra - SauceDemo 6 - Logout com sucesso",
              "timedOut": null,
              "duration": 1886,
              "state": "passed",
              "speed": "fast",
              "pass": true,
              "fail": false,
              "pending": false,
              "context": null,
              "code": "cy.loginSauceDemo();\ncy.get('#react-burger-menu-btn').click();\ncy.get('#logout_sidebar_link').click();\ncy.url().should('eq', 'https://www.saucedemo.com/');",
              "err": {},
              "uuid": "64bfd344-a371-45f2-b98c-317bd33ba09e",
              "parentUUID": "fc4c92dd-3f82-45a7-b4da-aff431b830e9",
              "isHook": false,
              "skipped": false
            }
          ],
          "suites": [],
          "passes": [
            "a53aab9f-e125-4d63-858a-373f734179a6",
            "d31e97c6-50cb-4aeb-a957-2a756530c8b0",
            "45cbf39a-8a1f-4403-afb4-c1adbf597c27",
            "d4f74e83-0b3b-4fe4-8d0a-01a71c1baaa7",
            "48157fa3-6b3e-40ff-b74a-555fb7d32d2d",
            "64bfd344-a371-45f2-b98c-317bd33ba09e"
          ],
          "failures": [],
          "pending": [],
          "skipped": [],
          "duration": 11406,
          "root": false,
          "rootEmpty": false,
          "_timeout": 2000
        }
      ],
      "passes": [],
      "failures": [],
      "pending": [],
      "skipped": [],
      "duration": 0,
      "root": true,
      "rootEmpty": true,
      "_timeout": 2000
    }
  ],
  "meta": {
    "mocha": {
      "version": "7.2.0"
    },
    "mochawesome": {
      "options": {
        "quiet": false,
        "reportFilename": "mochawesome",
        "saveHtml": true,
        "saveJson": true,
        "consoleReporter": "spec",
        "useInlineDiffs": false,
        "code": true
      },
      "version": "7.1.4"
    },
    "marge": {
      "options": {
        "reportDir": "cypress/reports",
        "overwrite": false,
        "html": true,
        "json": true
      },
      "version": "6.3.2"
    }
  }
}